
Command: shopt -s histappend
Output:

Exit Code: 0
----
Command: pwd
Output:
/Users/abhinav/Documents/chatapp
Exit Code: 0
----
Command: npm run dev
Output:
npm error code ENOENT
npm error syscall open
npm error path /Users/abhinav/Documents/chatapp/package.json
npm error errno -2
npm error enoent Could not read package.json: Error: ENOENT: no such file or directory, open '/Users/abhinav/Documents/chatapp/package.json'
npm error enoent This is related to npm not being able to find a file.
npm error enoent
npm error A complete log of this run can be found in: /Users/abhinav/.npm/_logs/2025-01-27T20_18_43_798Z-debug-0.log
Exit Code: 254
----
